[ERROR][validator.go:86]2024/01/15 10:18:54 [error: conflicting key 'chinese' rule 'Unknown' with text '{0} 必须只包含中文' for locale 'zh_Hans_CN', value being ignored]
[ERROR][validator.go:86]2024/01/15 10:56:04 [error: conflicting key 'chinese' rule 'Unknown' with text '{0} 必须只包含中文' for locale 'zh_Hans_CN', value being ignored]
[ERROR][validator.go:86]2024/01/15 11:02:34 [error: conflicting key 'chinese' rule 'Unknown' with text '{0} 必须只包含中文' for locale 'zh_Hans_CN', value being ignored]
[ERROR][validator.go:86]2024/01/15 14:51:11 [error: conflicting key 'chinese' rule 'Unknown' with text '{0} 必须只包含中文' for locale 'zh_Hans_CN', value being ignored]
[ERROR][commentService.go:53]2024/01/15 14:51:43 [Error 1054 (42S22): Unknown column 'wiki_comment.deleted_at' in 'where clause']
[ERROR][commentService.go:53]2024/01/15 14:52:31 [Error 1054 (42S22): Unknown column 'wiki_comment.deleted_at' in 'where clause']
[ERROR][validator.go:86]2024/01/15 14:52:41 [error: conflicting key 'chinese' rule 'Unknown' with text '{0} 必须只包含中文' for locale 'zh_Hans_CN', value being ignored]
[ERROR][commentService.go:53]2024/01/15 14:52:44 [Error 1054 (42S22): Unknown column 'wiki_comment.deleted_at' in 'where clause']
[ERROR][validator.go:86]2024/01/15 14:55:32 [error: conflicting key 'chinese' rule 'Unknown' with text '{0} 必须只包含中文' for locale 'zh_Hans_CN', value being ignored]
[ERROR][commentService.go:53]2024/01/15 14:55:56 [model value required when using preload]
[ERROR][validator.go:86]2024/01/15 14:56:26 [error: conflicting key 'chinese' rule 'Unknown' with text '{0} 必须只包含中文' for locale 'zh_Hans_CN', value being ignored]
[ERROR][validator.go:86]2024/01/15 14:59:06 [error: conflicting key 'chinese' rule 'Unknown' with text '{0} 必须只包含中文' for locale 'zh_Hans_CN', value being ignored]
[ERROR][validator.go:86]2024/01/15 15:02:28 [error: conflicting key 'chinese' rule 'Unknown' with text '{0} 必须只包含中文' for locale 'zh_Hans_CN', value being ignored]
[ERROR][validator.go:86]2024/01/15 15:04:14 [error: conflicting key 'chinese' rule 'Unknown' with text '{0} 必须只包含中文' for locale 'zh_Hans_CN', value being ignored]
[ERROR][validator.go:86]2024/01/15 15:05:04 [error: conflicting key 'chinese' rule 'Unknown' with text '{0} 必须只包含中文' for locale 'zh_Hans_CN', value being ignored]
[ERROR][validator.go:86]2024/01/15 15:05:22 [error: conflicting key 'chinese' rule 'Unknown' with text '{0} 必须只包含中文' for locale 'zh_Hans_CN', value being ignored]
[ERROR][validator.go:86]2024/01/15 15:09:50 [error: conflicting key 'chinese' rule 'Unknown' with text '{0} 必须只包含中文' for locale 'zh_Hans_CN', value being ignored]
[ERROR][validator.go:86]2024/01/15 15:10:25 [error: conflicting key 'chinese' rule 'Unknown' with text '{0} 必须只包含中文' for locale 'zh_Hans_CN', value being ignored]
[ERROR][validator.go:86]2024/01/15 15:27:37 [error: conflicting key 'chinese' rule 'Unknown' with text '{0} 必须只包含中文' for locale 'zh_Hans_CN', value being ignored]
[ERROR][validator.go:86]2024/01/15 15:30:55 [error: conflicting key 'chinese' rule 'Unknown' with text '{0} 必须只包含中文' for locale 'zh_Hans_CN', value being ignored]
[ERROR][commentService.go:53]2024/01/15 15:33:05 [Error 1054 (42S22): Unknown column 'article_id' in 'where clause']
[ERROR][validator.go:86]2024/01/15 15:33:29 [error: conflicting key 'chinese' rule 'Unknown' with text '{0} 必须只包含中文' for locale 'zh_Hans_CN', value being ignored]
[ERROR][validator.go:86]2024/01/15 15:33:55 [error: conflicting key 'chinese' rule 'Unknown' with text '{0} 必须只包含中文' for locale 'zh_Hans_CN', value being ignored]
[ERROR][validator.go:86]2024/01/15 15:46:46 [error: conflicting key 'chinese' rule 'Unknown' with text '{0} 必须只包含中文' for locale 'zh_Hans_CN', value being ignored]
[ERROR][commentService.go:53]2024/01/15 15:46:48 [Error 1054 (42S22): Unknown column 'wiki_comment.recover_id' in 'field list']
[ERROR][commentService.go:53]2024/01/15 15:46:53 [Error 1054 (42S22): Unknown column 'wiki_comment.recover_id' in 'field list']
[ERROR][validator.go:86]2024/01/15 15:47:35 [error: conflicting key 'chinese' rule 'Unknown' with text '{0} 必须只包含中文' for locale 'zh_Hans_CN', value being ignored]
[ERROR][commentService.go:53]2024/01/15 15:47:37 [Error 1054 (42S22): Unknown column 'wiki_comment.recover_id' in 'field list']
[ERROR][validator.go:86]2024/01/15 15:47:47 [error: conflicting key 'chinese' rule 'Unknown' with text '{0} 必须只包含中文' for locale 'zh_Hans_CN', value being ignored]
[ERROR][commentService.go:53]2024/01/15 15:47:48 [Error 1054 (42S22): Unknown column 'wiki_comment.recover_id' in 'field list']
[ERROR][validator.go:86]2024/01/15 15:48:45 [error: conflicting key 'chinese' rule 'Unknown' with text '{0} 必须只包含中文' for locale 'zh_Hans_CN', value being ignored]
[ERROR][commentService.go:53]2024/01/15 15:49:27 [Error 1054 (42S22): Unknown column 'wiki_comment.recover_id' in 'field list']
[ERROR][validator.go:86]2024/01/15 15:49:43 [error: conflicting key 'chinese' rule 'Unknown' with text '{0} 必须只包含中文' for locale 'zh_Hans_CN', value being ignored]
[ERROR][commentService.go:53]2024/01/15 15:49:45 [Error 1054 (42S22): Unknown column 'wiki_comment.name' in 'field list']
[ERROR][validator.go:86]2024/01/15 15:53:37 [error: conflicting key 'chinese' rule 'Unknown' with text '{0} 必须只包含中文' for locale 'zh_Hans_CN', value being ignored]
[ERROR][validator.go:86]2024/01/15 15:54:16 [error: conflicting key 'chinese' rule 'Unknown' with text '{0} 必须只包含中文' for locale 'zh_Hans_CN', value being ignored]
[ERROR][validator.go:86]2024/01/15 16:12:46 [error: conflicting key 'chinese' rule 'Unknown' with text '{0} 必须只包含中文' for locale 'zh_Hans_CN', value being ignored]
[ERROR][validator.go:86]2024/01/15 16:14:27 [error: conflicting key 'chinese' rule 'Unknown' with text '{0} 必须只包含中文' for locale 'zh_Hans_CN', value being ignored]
[ERROR][validator.go:86]2024/01/15 16:46:31 [error: conflicting key 'chinese' rule 'Unknown' with text '{0} 必须只包含中文' for locale 'zh_Hans_CN', value being ignored]
[ERROR][validator.go:86]2024/01/15 16:49:22 [error: conflicting key 'chinese' rule 'Unknown' with text '{0} 必须只包含中文' for locale 'zh_Hans_CN', value being ignored]
[ERROR][validator.go:86]2024/01/15 16:50:27 [error: conflicting key 'chinese' rule 'Unknown' with text '{0} 必须只包含中文' for locale 'zh_Hans_CN', value being ignored]
[ERROR][validator.go:86]2024/01/15 16:52:16 [error: conflicting key 'chinese' rule 'Unknown' with text '{0} 必须只包含中文' for locale 'zh_Hans_CN', value being ignored]
[ERROR][validator.go:86]2024/01/15 16:52:26 [error: conflicting key 'chinese' rule 'Unknown' with text '{0} 必须只包含中文' for locale 'zh_Hans_CN', value being ignored]
[ERROR][validator.go:86]2024/01/15 16:53:21 [error: conflicting key 'chinese' rule 'Unknown' with text '{0} 必须只包含中文' for locale 'zh_Hans_CN', value being ignored]
[ERROR][validator.go:86]2024/01/15 16:53:37 [error: conflicting key 'chinese' rule 'Unknown' with text '{0} 必须只包含中文' for locale 'zh_Hans_CN', value being ignored]
[ERROR][validator.go:86]2024/01/15 16:58:00 [error: conflicting key 'chinese' rule 'Unknown' with text '{0} 必须只包含中文' for locale 'zh_Hans_CN', value being ignored]
[ERROR][validator.go:86]2024/01/15 16:58:57 [error: conflicting key 'chinese' rule 'Unknown' with text '{0} 必须只包含中文' for locale 'zh_Hans_CN', value being ignored]
[ERROR][validator.go:86]2024/01/15 16:59:59 [error: conflicting key 'chinese' rule 'Unknown' with text '{0} 必须只包含中文' for locale 'zh_Hans_CN', value being ignored]
[ERROR][validator.go:86]2024/01/15 17:00:43 [error: conflicting key 'chinese' rule 'Unknown' with text '{0} 必须只包含中文' for locale 'zh_Hans_CN', value being ignored]
[ERROR][validator.go:86]2024/01/15 17:11:31 [error: conflicting key 'chinese' rule 'Unknown' with text '{0} 必须只包含中文' for locale 'zh_Hans_CN', value being ignored]
[ERROR][validator.go:86]2024/01/15 17:13:37 [error: conflicting key 'chinese' rule 'Unknown' with text '{0} 必须只包含中文' for locale 'zh_Hans_CN', value being ignored]
[ERROR][validator.go:86]2024/01/15 17:16:48 [error: conflicting key 'chinese' rule 'Unknown' with text '{0} 必须只包含中文' for locale 'zh_Hans_CN', value being ignored]
[ERROR][validator.go:86]2024/01/15 17:17:49 [error: conflicting key 'chinese' rule 'Unknown' with text '{0} 必须只包含中文' for locale 'zh_Hans_CN', value being ignored]
[ERROR][validator.go:86]2024/01/15 17:20:10 [error: conflicting key 'chinese' rule 'Unknown' with text '{0} 必须只包含中文' for locale 'zh_Hans_CN', value being ignored]
[ERROR][validator.go:86]2024/01/15 18:55:58 [error: conflicting key 'chinese' rule 'Unknown' with text '{0} 必须只包含中文' for locale 'zh_Hans_CN', value being ignored]
[ERROR][validator.go:86]2024/01/15 18:58:25 [error: conflicting key 'chinese' rule 'Unknown' with text '{0} 必须只包含中文' for locale 'zh_Hans_CN', value being ignored]
[ERROR][validator.go:86]2024/01/15 19:00:21 [error: conflicting key 'chinese' rule 'Unknown' with text '{0} 必须只包含中文' for locale 'zh_Hans_CN', value being ignored]
