[ERROR][validator.go:86]2024/01/26 13:22:23 [error: conflicting key 'chinese' rule 'Unknown' with text '{0} 必须只包含中文' for locale 'zh_Hans_CN', value being ignored]
[ERROR][commentService.go:62]2024/01/26 13:23:13 [invalid field found for struct zWiki/model/mysql/wiki.CommentItem's field Children: define a valid foreign key for relations or implement the Valuer/Scanner interface]
[ERROR][validator.go:86]2024/01/26 13:23:54 [error: conflicting key 'chinese' rule 'Unknown' with text '{0} 必须只包含中文' for locale 'zh_Hans_CN', value being ignored]
[ERROR][commentService.go:62]2024/01/26 13:23:57 [invalid field found for struct zWiki/model/mysql/wiki.CommentItem's field Children: define a valid foreign key for relations or implement the Valuer/Scanner interface]
[ERROR][validator.go:86]2024/01/26 13:26:21 [error: conflicting key 'chinese' rule 'Unknown' with text '{0} 必须只包含中文' for locale 'zh_Hans_CN', value being ignored]
[ERROR][commentService.go:62]2024/01/26 13:26:24 [invalid field found for struct zWiki/model/mysql/wiki.CommentItem's field Children: define a valid foreign key for relations or implement the Valuer/Scanner interface]
[ERROR][validator.go:86]2024/01/26 13:30:29 [error: conflicting key 'chinese' rule 'Unknown' with text '{0} 必须只包含中文' for locale 'zh_Hans_CN', value being ignored]
[ERROR][validator.go:86]2024/01/26 13:31:25 [error: conflicting key 'chinese' rule 'Unknown' with text '{0} 必须只包含中文' for locale 'zh_Hans_CN', value being ignored]
[ERROR][commentService.go:89]2024/01/26 13:31:28 [invalid field found for struct zWiki/model/mysql/wiki.CommentItem's field Children: define a valid foreign key for relations or implement the Valuer/Scanner interface]
[ERROR][validator.go:86]2024/01/26 13:31:47 [error: conflicting key 'chinese' rule 'Unknown' with text '{0} 必须只包含中文' for locale 'zh_Hans_CN', value being ignored]
[ERROR][validator.go:86]2024/01/26 13:39:53 [error: conflicting key 'chinese' rule 'Unknown' with text '{0} 必须只包含中文' for locale 'zh_Hans_CN', value being ignored]
[ERROR][validator.go:86]2024/01/26 13:40:26 [error: conflicting key 'chinese' rule 'Unknown' with text '{0} 必须只包含中文' for locale 'zh_Hans_CN', value being ignored]
[ERROR][validator.go:86]2024/01/26 13:53:54 [error: conflicting key 'chinese' rule 'Unknown' with text '{0} 必须只包含中文' for locale 'zh_Hans_CN', value being ignored]
[WARN][comment.go:37]2024/01/26 13:54:01 [Page为必填字段]
[WARN][comment.go:37]2024/01/26 13:54:21 [Limit为必填字段]
[ERROR][validator.go:86]2024/01/26 13:54:47 [error: conflicting key 'chinese' rule 'Unknown' with text '{0} 必须只包含中文' for locale 'zh_Hans_CN', value being ignored]
[WARN][comment.go:37]2024/01/26 13:54:54 [Page为必填字段]
[ERROR][validator.go:86]2024/01/26 13:55:22 [error: conflicting key 'chinese' rule 'Unknown' with text '{0} 必须只包含中文' for locale 'zh_Hans_CN', value being ignored]
[ERROR][validator.go:86]2024/01/26 13:56:10 [error: conflicting key 'chinese' rule 'Unknown' with text '{0} 必须只包含中文' for locale 'zh_Hans_CN', value being ignored]
[ERROR][validator.go:86]2024/01/26 13:57:44 [error: conflicting key 'chinese' rule 'Unknown' with text '{0} 必须只包含中文' for locale 'zh_Hans_CN', value being ignored]
[ERROR][commentService.go:62]2024/01/26 13:57:46 [Error 1054 (42S22): Unknown column 'wiki_comment.name' in 'field list']
[ERROR][validator.go:86]2024/01/26 13:58:38 [error: conflicting key 'chinese' rule 'Unknown' with text '{0} 必须只包含中文' for locale 'zh_Hans_CN', value being ignored]
[ERROR][commentService.go:62]2024/01/26 13:58:44 [Error 1054 (42S22): Unknown column 'wiki_comment.name' in 'field list']
[ERROR][validator.go:86]2024/01/26 13:59:12 [error: conflicting key 'chinese' rule 'Unknown' with text '{0} 必须只包含中文' for locale 'zh_Hans_CN', value being ignored]
[ERROR][validator.go:86]2024/01/26 14:38:25 [error: conflicting key 'chinese' rule 'Unknown' with text '{0} 必须只包含中文' for locale 'zh_Hans_CN', value being ignored]
[ERROR][validator.go:86]2024/01/26 14:38:57 [error: conflicting key 'chinese' rule 'Unknown' with text '{0} 必须只包含中文' for locale 'zh_Hans_CN', value being ignored]
[ERROR][validator.go:86]2024/01/26 14:41:01 [error: conflicting key 'chinese' rule 'Unknown' with text '{0} 必须只包含中文' for locale 'zh_Hans_CN', value being ignored]
[ERROR][validator.go:86]2024/01/26 17:08:51 [error: conflicting key 'chinese' rule 'Unknown' with text '{0} 必须只包含中文' for locale 'zh_Hans_CN', value being ignored]
[ERROR][validator.go:86]2024/01/26 17:18:11 [error: conflicting key 'chinese' rule 'Unknown' with text '{0} 必须只包含中文' for locale 'zh_Hans_CN', value being ignored]
[ERROR][validator.go:86]2024/01/26 17:19:56 [error: conflicting key 'chinese' rule 'Unknown' with text '{0} 必须只包含中文' for locale 'zh_Hans_CN', value being ignored]
[ERROR][validator.go:86]2024/01/26 17:21:33 [error: conflicting key 'chinese' rule 'Unknown' with text '{0} 必须只包含中文' for locale 'zh_Hans_CN', value being ignored]
[ERROR][verifyLogin.go:28]2024/01/26 17:23:29 [websocket: the client is not using the websocket protocol: 'upgrade' token not found in 'Connection' header]
[ERROR][verifyLogin.go:28]2024/01/26 17:23:52 [websocket: the client is not using the websocket protocol: 'upgrade' token not found in 'Connection' header]
[ERROR][validator.go:86]2024/01/26 17:26:54 [error: conflicting key 'chinese' rule 'Unknown' with text '{0} 必须只包含中文' for locale 'zh_Hans_CN', value being ignored]
[ERROR][verifyLogin.go:28]2024/01/26 17:27:24 [websocket: unsupported version: 13 not found in 'Sec-Websocket-Version' header]
[ERROR][validator.go:86]2024/01/26 17:27:31 [error: conflicting key 'chinese' rule 'Unknown' with text '{0} 必须只包含中文' for locale 'zh_Hans_CN', value being ignored]
[ERROR][verifyLogin.go:28]2024/01/26 17:27:33 [websocket: unsupported version: 13 not found in 'Sec-Websocket-Version' header]
[ERROR][verifyLogin.go:28]2024/01/26 17:28:42 [websocket: unsupported version: 13 not found in 'Sec-Websocket-Version' header]
[ERROR][validator.go:86]2024/01/26 17:29:17 [error: conflicting key 'chinese' rule 'Unknown' with text '{0} 必须只包含中文' for locale 'zh_Hans_CN', value being ignored]
[ERROR][verifyLogin.go:28]2024/01/26 17:29:19 [websocket: not a websocket handshake: 'Sec-WebSocket-Key' header must be Base64 encoded value of 16-byte in length]
[ERROR][verifyLogin.go:28]2024/01/26 17:29:22 [websocket: not a websocket handshake: 'Sec-WebSocket-Key' header must be Base64 encoded value of 16-byte in length]
[ERROR][validator.go:86]2024/01/26 17:30:07 [error: conflicting key 'chinese' rule 'Unknown' with text '{0} 必须只包含中文' for locale 'zh_Hans_CN', value being ignored]
[ERROR][verifyLogin.go:32]2024/01/26 17:30:25 [websocket: not a websocket handshake: 'Sec-WebSocket-Key' header must be Base64 encoded value of 16-byte in length]
[ERROR][verifyLogin.go:32]2024/01/26 17:34:02 [websocket: not a websocket handshake: 'Sec-WebSocket-Key' header must be Base64 encoded value of 16-byte in length]
[ERROR][validator.go:86]2024/01/26 17:49:37 [error: conflicting key 'chinese' rule 'Unknown' with text '{0} 必须只包含中文' for locale 'zh_Hans_CN', value being ignored]
[ERROR][validator.go:86]2024/01/26 17:56:04 [error: conflicting key 'chinese' rule 'Unknown' with text '{0} 必须只包含中文' for locale 'zh_Hans_CN', value being ignored]
[ERROR][validator.go:86]2024/01/26 18:00:04 [error: conflicting key 'chinese' rule 'Unknown' with text '{0} 必须只包含中文' for locale 'zh_Hans_CN', value being ignored]
[ERROR][validator.go:86]2024/01/26 18:00:48 [error: conflicting key 'chinese' rule 'Unknown' with text '{0} 必须只包含中文' for locale 'zh_Hans_CN', value being ignored]
