[ERROR][loginService.go:41]2023/12/21 16:21:24 [Error 1146 (42S02): Table 'wiki.wiki_user' doesn't exist]
[ERROR][loginService.go:119]2023/12/21 16:21:24 [Error 1146 (42S02): Table 'wiki.wiki_user' doesn't exist]
[ERROR][loginService.go:55]2023/12/21 16:21:24 [Error 1146 (42S02): Table 'wiki.wiki_user' doesn't exist]
[ERROR][loginService.go:166]2023/12/21 16:21:24 [Error 1146 (42S02): Table 'wiki.wiki_user' doesn't exist]
[ERROR][loginService.go:144]2023/12/21 16:21:24 [Error 1146 (42S02): Table 'wiki.wiki_user' doesn't exist]
[ERROR][loginService.go:41]2023/12/21 16:22:21 [Error 1146 (42S02): Table 'wiki.wiki_user' doesn't exist]
[ERROR][loginService.go:119]2023/12/21 16:22:21 [Error 1146 (42S02): Table 'wiki.wiki_user' doesn't exist]
[ERROR][loginService.go:55]2023/12/21 16:22:21 [Error 1146 (42S02): Table 'wiki.wiki_user' doesn't exist]
[ERROR][loginService.go:166]2023/12/21 16:22:21 [Error 1146 (42S02): Table 'wiki.wiki_user' doesn't exist]
[ERROR][loginService.go:144]2023/12/21 16:22:21 [Error 1146 (42S02): Table 'wiki.wiki_user' doesn't exist]
[ERROR][loginService.go:41]2023/12/21 16:22:55 [Error 1146 (42S02): Table 'wiki.wiki_user' doesn't exist]
[ERROR][loginService.go:119]2023/12/21 16:23:02 [Error 1146 (42S02): Table 'wiki.wiki_user' doesn't exist]
[ERROR][loginService.go:55]2023/12/21 16:23:08 [Error 1146 (42S02): Table 'wiki.wiki_user' doesn't exist]
[ERROR][loginService.go:166]2023/12/21 16:23:59 [Error 1146 (42S02): Table 'wiki.wiki_user' doesn't exist]
[ERROR][loginService.go:144]2023/12/21 16:23:59 [Error 1146 (42S02): Table 'wiki.wiki_user' doesn't exist]
[ERROR][loginService.go:43]2023/12/21 16:26:37 [Error 1146 (42S02): Table 'wiki.wiki_user' doesn't exist]
[ERROR][loginService.go:121]2023/12/21 16:26:40 [Error 1146 (42S02): Table 'wiki.wiki_user' doesn't exist]
[ERROR][loginService.go:46]2023/12/21 16:32:02 [Error 1146 (42S02): Table 'wiki.wiki_user' doesn't exist]
[ERROR][loginService.go:61]2023/12/21 16:32:02 [Error 1146 (42S02): Table 'wiki.wiki_user' doesn't exist]
[ERROR][loginService.go:46]2023/12/21 16:32:36 [Error 1146 (42S02): Table 'wiki.wiki_user' doesn't exist]
[ERROR][loginService.go:61]2023/12/21 16:32:36 [Error 1146 (42S02): Table 'wiki.wiki_user' doesn't exist]
[ERROR][loginService.go:46]2023/12/21 16:33:34 [Error 1146 (42S02): Table 'wiki.wiki_user' doesn't exist]
[ERROR][loginService.go:61]2023/12/21 16:33:34 [Error 1146 (42S02): Table 'wiki.wiki_user' doesn't exist]
[ERROR][loginService.go:46]2023/12/21 16:44:10 [Error 1054 (42S22): Unknown column 'wiki_user.deleted_at' in 'where clause']
[ERROR][loginService.go:61]2023/12/21 16:44:10 [Error 1054 (42S22): Unknown column 'group_name' in 'where clause']
[ERROR][loginService.go:61]2023/12/21 16:46:20 [Error 1054 (42S22): Unknown column 'group_name' in 'where clause']
[ERROR][loginService.go:70]2023/12/21 16:51:53 [key is of invalid type]
[ERROR][loginService.go:70]2023/12/21 16:53:14 [key is of invalid type]
[ERROR][loginService.go:122]2023/12/21 16:58:25 [Error 1054 (42S22): Unknown column 'created_at' in 'field list']
[ERROR][loginService.go:122]2023/12/21 16:59:07 [Error 1265 (01000): Data truncated for column 'created_at' at row 1]
[ERROR][loginService.go:121]2023/12/21 16:59:41 [Error 1048 (23000): Column 'deleted_at' cannot be null]
[ERROR][loginService.go:144]2023/12/21 17:01:19 [Error 1054 (42S22): Unknown column 'created_at' in 'field list']
[ERROR][loginService.go:144]2023/12/21 17:02:01 [Error 1146 (42S02): Table 'wiki.wiki_user_groups' doesn't exist]
[ERROR][loginService.go:67]2023/12/21 17:02:03 [key is of invalid type]
[ERROR][loginService.go:67]2023/12/21 17:04:06 [key is of invalid type]
